Arguments: 
  E:\Felles\nodejs\node.exe E:\Felles\yarn\bin\yarn.js publish

PATH: 
  C:\ProgramData\DockerDesktop\version-bin;C:\Program Files\Docker\Docker\Resources\bin;C:\Program Files (x86)\Intel\iCLS Client\;C:\Program Files\Intel\iCLS Client\;C:\ProgramData\Oracle\Java\javapath;C:\Program Files\Java\jdk1.8.0_144;C:\Windows\system32;C:\Windows;C:\Windows\System32\Wbem;C:\Program Files (x86)\NVIDIA Corporation\PhysX\Common;C:\WINDOWS\system32;C:\WINDOWS;C:\WINDOWS\System32\WindowsPowerShell\v1.0\;C:\Program Files\Microsoft SQL Server\Client SDK\ODBC\110\Tools\Binn\;C:\Program Files\Microsoft DNX\Dnvm\;C:\Program Files\PuTTY\;E:\Felles\PHP\7.1.3;C:\Program Files\Intel\WiFi\bin\;C:\Program Files\Common Files\Intel\WirelessCommon\;C:\WINDOWS\System32\OpenSSH\;C:\Program Files (x86)\Intel\Intel(R) Management Engine Components\DAL;C:\Program Files\Intel\Intel(R) Management Engine Components\DAL;C:\Program Files (x86)\Intel\Intel(R) Management Engine Components\IPT;C:\Program Files\Intel\Intel(R) Management Engine Components\IPT;C:\Program Files\NVIDIA Corporation\NVIDIA NvDLISR;C:\WINDOWS\system32;C:\WINDOWS;C:\WINDOWS\System32\Wbem;C:\WINDOWS\System32\WindowsPowerShell\v1.0\;C:\WINDOWS\System32\OpenSSH\;C:\Users\petter\AppData\Local\Programs\Python\Python37\;C:\Users\petter\AppData\Local\Microsoft\WindowsApps;E:\Felles\nodejs\;C:\Program Files\Git\cmd;E:\Felles\yarn\bin\;C:\Users\petter\AppData\Local\Android\sdk;C:\Program Files\Java\jdk1.8.0_144;C:\Program Files\Intel\WiFi\bin\;C:\Program Files\Common Files\Intel\WirelessCommon\;C:\WINDOWS\System32\OpenSSH\;C:\Users\petter\AppData\Local\GitHubDesktop\bin;C:\Users\petter\AppData\Local\Microsoft\WindowsApps;C:\Users\petter\AppData\Local\Programs\Fiddler;C:\Users\petter\AppData\Roaming\npm;C:\Program Files\heroku\bin;C:\Users\petter\AppData\Local\Programs\Microsoft VS Code\bin;C:\Users\petter\AppData\Local\Yarn\bin

Yarn version: 
  1.19.1

Node version: 
  10.16.3

Platform: 
  win32 x64

Trace: 
  Error: canceled
      at Interface.<anonymous> (E:\Felles\yarn\lib\cli.js:136824:13)
      at Interface.emit (events.js:198:13)
      at Interface._ttyWrite (readline.js:801:16)
      at ReadStream.onkeypress (readline.js:184:10)
      at ReadStream.emit (events.js:198:13)
      at emitKeys (internal/readline.js:424:14)
      at emitKeys.next (<anonymous>)
      at ReadStream.onData (readline.js:1075:36)
      at ReadStream.emit (events.js:198:13)
      at addChunk (_stream_readable.js:288:12)

npm manifest: 
  {
    "name": "com.scinan.api",
    "version": "1.0.8",
    "description": "Support Prosmart wifi climate controllers",
    "main": "app.js",
    "scripts": {
      "start": "homey app run",
      "start:clean": "homey app run -c",
      "build": "homey app build",
      "publish": "homey app publish",
      "validate": "homey app validate",
      "update": "homey app version patch",
      "install": "homey app install",
      "install:clean": "homey app install -c",
      "test": "echo \"Error: no test specified\" && exit 1"
    },
    "author": "Petter Ruud",
    "license": "ISC",
    "dependencies": {
      "node-fetch": "^2.6.0"
    }
  }

yarn manifest: 
  No manifest

Lockfile: 
  # THIS IS AN AUTOGENERATED FILE. DO NOT EDIT THIS FILE DIRECTLY.
  # yarn lockfile v1
  
  
  node-fetch@^2.6.0:
    version "2.6.0"
    resolved "https://registry.yarnpkg.com/node-fetch/-/node-fetch-2.6.0.tgz#e633456386d4aa55863f676a7ab0daa8fdecb0fd"
    integrity sha512-8dG4H5ujfvFiqDmVu9fQ5bOHUC15JMjMY/Zumv26oOvvVJjM67KF8koCWIabKQ1GJIa9r2mMZscBq/TbdOcmNA==
